\BOOKMARK [1][-]{section.1}{Introduction and Motivation}{}% 1
\BOOKMARK [2][-]{subsection.1.1}{User Benefits}{section.1}% 2
\BOOKMARK [1][-]{section.2}{Feature Overview}{}% 3
\BOOKMARK [2][-]{subsection.2.1}{Initial Requirements}{section.2}% 4
\BOOKMARK [3][-]{subsubsection.2.1.1}{General Requirements \(G\)}{subsection.2.1}% 5
\BOOKMARK [3][-]{subsubsection.2.1.2}{User Experience \(UX\)}{subsection.2.1}% 6
\BOOKMARK [3][-]{subsubsection.2.1.3}{API Interactions and Extensibility \(API\)}{subsection.2.1}% 7
\BOOKMARK [3][-]{subsubsection.2.1.4}{Non-Functional Requirements \(NF\)}{subsection.2.1}% 8
\BOOKMARK [2][-]{subsection.2.2}{Requirements Revisions}{section.2}% 9
\BOOKMARK [1][-]{section.3}{Design}{}% 10
\BOOKMARK [2][-]{subsection.3.1}{External API Usage}{section.3}% 11
\BOOKMARK [3][-]{subsubsection.3.1.1}{Weather API}{subsection.3.1}% 12
\BOOKMARK [3][-]{subsubsection.3.1.2}{Google Places API}{subsection.3.1}% 13
\BOOKMARK [2][-]{subsection.3.2}{Class Diagrams}{section.3}% 14
\BOOKMARK [2][-]{subsection.3.3}{Clothes Selection Algorithm}{section.3}% 15
\BOOKMARK [2][-]{subsection.3.4}{API Description}{section.3}% 16
\BOOKMARK [1][-]{section.4}{Quality Assurance}{}% 17
\BOOKMARK [2][-]{subsection.4.1}{Testing}{section.4}% 18
\BOOKMARK [1][-]{section.5}{User Interface}{}% 19
\BOOKMARK [1][-]{section.6}{Contributions}{}% 20
\BOOKMARK [1][-]{section.7}{Conclusion}{}% 21
