\BOOKMARK [0][-]{chapter.1}{\376\377\000N\000o\000c\000i\000l\000l\000a\000\040\000[\000!\000[\000C\000I\000\040\000S\000t\000a\000t\000u\000s\000]\000\050\000h\000t\000t\000p\000:\000/\000/\000i\000m\000g\000.\000s\000h\000i\000e\000l\000d\000s\000.\000i\000o\000/\000t\000r\000a\000v\000i\000s\000/\000l\000u\000i\000s\000o\000b\000o\000/\000N\000o\000c\000i\000l\000l\000a\000.\000s\000v\000g\000?\000s\000t\000y\000l\000e\000=\000f\000l\000a\000t\000\046\000b\000r\000a\000n\000c\000h\000=\000m\000a\000s\000t\000e\000r\000\051\000]\000\050\000h\000t\000t\000p\000s\000:\000/\000/\000t\000r\000a\000v\000i\000s\000-\000c\000i\000.\000o\000r\000g\000/\000l\000u\000i\000s\000o\000b\000o\000/\000N\000o\000c\000i\000l\000l\000a\000\051\000[\000!\000[\000V\000e\000r\000s\000i\000o\000n\000]\000\050\000h\000t\000t\000p\000s\000:\000/\000/\000i\000m\000g\000.\000s\000h\000i\000e\000l\000d\000s\000.\000i\000o\000/\000c\000o\000c\000o\000a\000p\000o\000d\000s\000/\000v\000/\000N\000o\000c\000i\000l\000l\000a\000.\000s\000v\000g\000?\000s\000t\000y\000l\000e\000=\000f\000l\000a\000t\000\051\000]\000\050\000h\000t\000t\000p\000:\000/\000/\000c\000o\000c\000o\000a\000d\000o\000c\000s\000.\000o\000r\000g\000/\000d\000o\000c\000s\000e\000t\000s\000/\000N\000o\000c\000i\000l\000l\000a\000\051\000[\000!\000[\000L\000i\000c\000e\000n\000s\000e\000]\000\050\000h\000t\000t\000p\000s\000:\000/\000/\000i\000m\000g\000.\000s\000h\000i\000e\000l\000d\000s\000.\000i\000o\000/\000c\000o\000c\000o\000a\000p\000o\000d\000s\000/\000l\000/\000N\000o\000c\000i\000l\000l\000a\000.\000s\000v\000g\000?\000s\000t\000y\000l\000e\000=\000f\000l\000a\000t\000\051\000]\000\050\000h\000t\000t\000p\000:\000/\000/\000c\000o\000c\000o\000a\000d\000o\000c\000s\000.\000o\000r\000g\000/\000d\000o\000c\000s\000e\000t\000s\000/\000N\000o\000c\000i\000l\000l\000a\000\051\000[\000!\000[\000P\000l\000a\000t\000f\000o\000r\000m\000]\000\050\000h\000t\000t\000p\000s\000:\000/\000/\000i\000m\000g\000.\000s\000h\000i\000e\000l\000d\000s\000.\000i\000o\000/\000c\000o\000c\000o\000a\000p\000o\000d\000s\000/\000p\000/\000N\000o\000c\000i\000l\000l\000a\000.\000s\000v\000g\000?\000s\000t\000y\000l\000e\000=\000f\000l\000a\000t\000\051\000]\000\050\000h\000t\000t\000p\000:\000/\000/\000c\000o\000c\000o\000a\000d\000o\000c\000s\000.\000o\000r\000g\000/\000d\000o\000c\000s\000e\000t\000s\000/\000N\000o\000c\000i\000l\000l\000a\000\051}{}% 1
\BOOKMARK [0][-]{chapter.2}{\376\377\000A\000c\000k\000n\000o\000w\000l\000e\000d\000g\000e\000m\000e\000n\000t\000s}{}% 2
\BOOKMARK [0][-]{chapter.3}{\376\377\000R\000E\000A\000D\000M\000E}{}% 3
\BOOKMARK [0][-]{chapter.4}{\376\377\000H\000i\000e\000r\000a\000r\000c\000h\000i\000c\000a\000l\000\040\000I\000n\000d\000e\000x}{}% 4
\BOOKMARK [1][-]{section.4.1}{\376\377\000C\000l\000a\000s\000s\000\040\000H\000i\000e\000r\000a\000r\000c\000h\000y}{chapter.4}% 5
\BOOKMARK [0][-]{chapter.5}{\376\377\000C\000l\000a\000s\000s\000\040\000I\000n\000d\000e\000x}{}% 6
\BOOKMARK [1][-]{section.5.1}{\376\377\000C\000l\000a\000s\000s\000\040\000L\000i\000s\000t}{chapter.5}% 7
\BOOKMARK [0][-]{chapter.6}{\376\377\000C\000l\000a\000s\000s\000\040\000D\000o\000c\000u\000m\000e\000n\000t\000a\000t\000i\000o\000n}{}% 8
\BOOKMARK [1][-]{section.6.1}{\376\377\000A\000p\000p\000D\000e\000l\000e\000g\000a\000t\000e\000\040\000C\000l\000a\000s\000s\000\040\000R\000e\000f\000e\000r\000e\000n\000c\000e}{chapter.6}% 9
\BOOKMARK [1][-]{section.6.2}{\376\377\000A\000S\000I\000H\000T\000T\000P\000R\000e\000q\000u\000e\000s\000t\000\040\000C\000l\000a\000s\000s\000\040\000R\000e\000f\000e\000r\000e\000n\000c\000e}{chapter.6}% 10
\BOOKMARK [1][-]{section.6.3}{\376\377\000A\000S\000I\000H\000T\000T\000P\000R\000e\000q\000u\000e\000s\000t\000S\000t\000u\000b\000\040\000C\000l\000a\000s\000s\000\040\000R\000e\000f\000e\000r\000e\000n\000c\000e}{chapter.6}% 11
\BOOKMARK [1][-]{section.6.4}{\376\377\000A\000S\000I\000H\000T\000T\000P\000R\000e\000q\000u\000e\000s\000t\000S\000t\000u\000b\000\050\000\051\000\040\000C\000a\000t\000e\000g\000o\000r\000y\000\040\000R\000e\000f\000e\000r\000e\000n\000c\000e}{chapter.6}% 12
\BOOKMARK [1][-]{section.6.5}{\376\377\000A\000S\000I\000H\000T\000T\000P\000R\000e\000q\000u\000e\000s\000t\000S\000t\000u\000b\000\050\000P\000r\000i\000v\000a\000t\000e\000\051\000\040\000C\000a\000t\000e\000g\000o\000r\000y\000\040\000R\000e\000f\000e\000r\000e\000n\000c\000e}{chapter.6}% 13
\BOOKMARK [1][-]{section.6.6}{\376\377\000B\000a\000c\000k\000g\000r\000o\000u\000n\000d\000U\000p\000d\000a\000t\000e\000\040\000C\000l\000a\000s\000s\000\040\000R\000e\000f\000e\000r\000e\000n\000c\000e}{chapter.6}% 14
\BOOKMARK [1][-]{section.6.7}{\376\377\000D\000e\000s\000t\000i\000n\000a\000t\000i\000o\000n\000\040\000C\000l\000a\000s\000s\000\040\000R\000e\000f\000e\000r\000e\000n\000c\000e}{chapter.6}% 15
\BOOKMARK [2][-]{subsection.6.7.1}{\376\377\000D\000e\000t\000a\000i\000l\000e\000d\000\040\000D\000e\000s\000c\000r\000i\000p\000t\000i\000o\000n}{section.6.7}% 16
\BOOKMARK [2][-]{subsection.6.7.2}{\376\377\000M\000e\000t\000h\000o\000d\000\040\000D\000o\000c\000u\000m\000e\000n\000t\000a\000t\000i\000o\000n}{section.6.7}% 17
\BOOKMARK [3][-]{subsubsection.6.7.2.1}{\376\377\000i\000s\000V\000a\000l\000i\000d\000Z\000I\000P\000:}{subsection.6.7.2}% 18
\BOOKMARK [3][-]{subsubsection.6.7.2.2}{\376\377\000v\000a\000l\000i\000d}{subsection.6.7.2}% 19
\BOOKMARK [2][-]{subsection.6.7.3}{\376\377\000P\000r\000o\000p\000e\000r\000t\000y\000\040\000D\000o\000c\000u\000m\000e\000n\000t\000a\000t\000i\000o\000n}{section.6.7}% 20
\BOOKMARK [3][-]{subsubsection.6.7.3.1}{\376\377\000d\000u\000r\000a\000t\000i\000o\000n}{subsection.6.7.3}% 21
\BOOKMARK [3][-]{subsubsection.6.7.3.2}{\376\377\000z\000i\000p}{subsection.6.7.3}% 22
\BOOKMARK [1][-]{section.6.8}{\376\377\000G\000o\000o\000g\000l\000e\000P\000l\000a\000c\000e\000s\000A\000P\000I\000\040\000C\000l\000a\000s\000s\000\040\000R\000e\000f\000e\000r\000e\000n\000c\000e}{chapter.6}% 23
\BOOKMARK [2][-]{subsection.6.8.1}{\376\377\000M\000e\000t\000h\000o\000d\000\040\000D\000o\000c\000u\000m\000e\000n\000t\000a\000t\000i\000o\000n}{section.6.8}% 24
\BOOKMARK [3][-]{subsubsection.6.8.1.1}{\376\377\000s\000h\000a\000r\000e\000d\000I\000n\000s\000t\000a\000n\000c\000e}{subsection.6.8.1}% 25
\BOOKMARK [1][-]{section.6.9}{\376\377\000G\000o\000o\000g\000l\000e\000P\000l\000a\000c\000e\000s\000A\000P\000I\000T\000e\000s\000t\000s\000\040\000C\000l\000a\000s\000s\000\040\000R\000e\000f\000e\000r\000e\000n\000c\000e}{chapter.6}% 26
\BOOKMARK [1][-]{section.6.10}{\376\377\000J\000a\000c\000k\000e\000t\000\040\000C\000l\000a\000s\000s\000\040\000R\000e\000f\000e\000r\000e\000n\000c\000e}{chapter.6}% 27
\BOOKMARK [2][-]{subsection.6.10.1}{\376\377\000M\000e\000m\000b\000e\000r\000\040\000T\000y\000p\000e\000d\000e\000f\000\040\000D\000o\000c\000u\000m\000e\000n\000t\000a\000t\000i\000o\000n}{section.6.10}% 28
\BOOKMARK [3][-]{subsubsection.6.10.1.1}{\376\377\000J\000a\000c\000k\000e\000t\000T\000y\000p\000e}{subsection.6.10.1}% 29
\BOOKMARK [2][-]{subsection.6.10.2}{\376\377\000M\000e\000m\000b\000e\000r\000\040\000E\000n\000u\000m\000e\000r\000a\000t\000i\000o\000n\000\040\000D\000o\000c\000u\000m\000e\000n\000t\000a\000t\000i\000o\000n}{section.6.10}% 30
\BOOKMARK [3][-]{subsubsection.6.10.2.1}{\376\377\000J\000a\000c\000k\000e\000t\000T\000y\000p\000e}{subsection.6.10.2}% 31
\BOOKMARK [2][-]{subsection.6.10.3}{\376\377\000M\000e\000t\000h\000o\000d\000\040\000D\000o\000c\000u\000m\000e\000n\000t\000a\000t\000i\000o\000n}{section.6.10}% 32
\BOOKMARK [3][-]{subsubsection.6.10.3.1}{\376\377\000i\000n\000i\000t\000W\000i\000t\000h\000Q\000u\000a\000n\000t\000i\000t\000y\000:\000a\000n\000d\000T\000y\000p\000e\000:}{subsection.6.10.3}% 33
\BOOKMARK [2][-]{subsection.6.10.4}{\376\377\000P\000r\000o\000p\000e\000r\000t\000y\000\040\000D\000o\000c\000u\000m\000e\000n\000t\000a\000t\000i\000o\000n}{section.6.10}% 34
\BOOKMARK [3][-]{subsubsection.6.10.4.1}{\376\377\000j\000a\000c\000k\000e\000t\000T\000y\000p\000e}{subsection.6.10.4}% 35
\BOOKMARK [1][-]{section.6.11}{\376\377\000L\000a\000y\000e\000r\000e\000d\000R\000i\000g\000h\000t\000D\000e\000t\000a\000i\000l\000C\000e\000l\000l\000\040\000C\000l\000a\000s\000s\000\040\000R\000e\000f\000e\000r\000e\000n\000c\000e}{chapter.6}% 36
\BOOKMARK [1][-]{section.6.12}{\376\377\000L\000S\000A\000S\000I\000H\000T\000T\000P\000R\000e\000q\000u\000e\000s\000t\000A\000d\000a\000p\000t\000e\000r\000\040\000C\000l\000a\000s\000s\000\040\000R\000e\000f\000e\000r\000e\000n\000c\000e}{chapter.6}% 37
\BOOKMARK [1][-]{section.6.13}{\376\377\000L\000S\000A\000S\000I\000H\000T\000T\000P\000R\000e\000q\000u\000e\000s\000t\000A\000d\000a\000p\000t\000e\000r\000\050\000\051\000\040\000C\000a\000t\000e\000g\000o\000r\000y\000\040\000R\000e\000f\000e\000r\000e\000n\000c\000e}{chapter.6}% 38
\BOOKMARK [1][-]{section.6.14}{\376\377\000L\000S\000A\000S\000I\000H\000T\000T\000P\000R\000e\000q\000u\000e\000s\000t\000H\000o\000o\000k\000\040\000C\000l\000a\000s\000s\000\040\000R\000e\000f\000e\000r\000e\000n\000c\000e}{chapter.6}% 39
\BOOKMARK [1][-]{section.6.15}{\376\377\000L\000S\000D\000a\000t\000a\000M\000a\000t\000c\000h\000e\000r\000\040\000C\000l\000a\000s\000s\000\040\000R\000e\000f\000e\000r\000e\000n\000c\000e}{chapter.6}% 40
\BOOKMARK [1][-]{section.6.16}{\376\377\000L\000S\000D\000a\000t\000a\000M\000a\000t\000c\000h\000e\000r\000\050\000\051\000\040\000C\000a\000t\000e\000g\000o\000r\000y\000\040\000R\000e\000f\000e\000r\000e\000n\000c\000e}{chapter.6}% 41
\BOOKMARK [1][-]{section.6.17}{\376\377\000<\000L\000S\000H\000T\000T\000P\000B\000o\000d\000y\000>\000\040\000P\000r\000o\000t\000o\000c\000o\000l\000\040\000R\000e\000f\000e\000r\000e\000n\000c\000e}{chapter.6}% 42
\BOOKMARK [1][-]{section.6.18}{\376\377\000L\000S\000H\000T\000T\000P\000C\000l\000i\000e\000n\000t\000H\000o\000o\000k\000\040\000C\000l\000a\000s\000s\000\040\000R\000e\000f\000e\000r\000e\000n\000c\000e}{chapter.6}% 43
\BOOKMARK [1][-]{section.6.19}{\376\377\000<\000L\000S\000H\000T\000T\000P\000R\000e\000q\000u\000e\000s\000t\000>\000\040\000P\000r\000o\000t\000o\000c\000o\000l\000\040\000R\000e\000f\000e\000r\000e\000n\000c\000e}{chapter.6}% 44
\BOOKMARK [1][-]{section.6.20}{\376\377\000L\000S\000H\000T\000T\000P\000R\000e\000q\000u\000e\000s\000t\000D\000i\000f\000f\000\040\000C\000l\000a\000s\000s\000\040\000R\000e\000f\000e\000r\000e\000n\000c\000e}{chapter.6}% 45
\BOOKMARK [1][-]{section.6.21}{\376\377\000L\000S\000H\000T\000T\000P\000R\000e\000q\000u\000e\000s\000t\000D\000i\000f\000f\000\050\000\051\000\040\000C\000a\000t\000e\000g\000o\000r\000y\000\040\000R\000e\000f\000e\000r\000e\000n\000c\000e}{chapter.6}% 46
\BOOKMARK [1][-]{section.6.22}{\376\377\000L\000S\000H\000T\000T\000P\000R\000e\000q\000u\000e\000s\000t\000D\000S\000L\000R\000e\000p\000r\000e\000s\000e\000n\000t\000a\000t\000i\000o\000n\000\040\000C\000l\000a\000s\000s\000\040\000R\000e\000f\000e\000r\000e\000n\000c\000e}{chapter.6}% 47
\BOOKMARK [1][-]{section.6.23}{\376\377\000L\000S\000H\000T\000T\000P\000R\000e\000q\000u\000e\000s\000t\000D\000S\000L\000R\000e\000p\000r\000e\000s\000e\000n\000t\000a\000t\000i\000o\000n\000\050\000\051\000\040\000C\000a\000t\000e\000g\000o\000r\000y\000\040\000R\000e\000f\000e\000r\000e\000n\000c\000e}{chapter.6}% 48
\BOOKMARK [1][-]{section.6.24}{\376\377\000<\000L\000S\000H\000T\000T\000P\000R\000e\000s\000p\000o\000n\000s\000e\000>\000\040\000P\000r\000o\000t\000o\000c\000o\000l\000\040\000R\000e\000f\000e\000r\000e\000n\000c\000e}{chapter.6}% 49
\BOOKMARK [1][-]{section.6.25}{\376\377\000L\000S\000H\000T\000T\000P\000S\000t\000u\000b\000U\000R\000L\000P\000r\000o\000t\000o\000c\000o\000l\000\040\000C\000l\000a\000s\000s\000\040\000R\000e\000f\000e\000r\000e\000n\000c\000e}{chapter.6}% 50
\BOOKMARK [1][-]{section.6.26}{\376\377\000<\000L\000S\000M\000a\000t\000c\000h\000e\000a\000b\000l\000e\000>\000\040\000P\000r\000o\000t\000o\000c\000o\000l\000\040\000R\000e\000f\000e\000r\000e\000n\000c\000e}{chapter.6}% 51
\BOOKMARK [1][-]{section.6.27}{\376\377\000L\000S\000M\000a\000t\000c\000h\000e\000r\000\040\000C\000l\000a\000s\000s\000\040\000R\000e\000f\000e\000r\000e\000n\000c\000e}{chapter.6}% 52
\BOOKMARK [1][-]{section.6.28}{\376\377\000L\000S\000N\000o\000c\000i\000l\000l\000a\000\040\000C\000l\000a\000s\000s\000\040\000R\000e\000f\000e\000r\000e\000n\000c\000e}{chapter.6}% 53
\BOOKMARK [1][-]{section.6.29}{\376\377\000L\000S\000N\000o\000c\000i\000l\000l\000a\000\050\000\051\000\040\000C\000a\000t\000e\000g\000o\000r\000y\000\040\000R\000e\000f\000e\000r\000e\000n\000c\000e}{chapter.6}% 54
\BOOKMARK [1][-]{section.6.30}{\376\377\000L\000S\000N\000S\000U\000R\000L\000H\000o\000o\000k\000\040\000C\000l\000a\000s\000s\000\040\000R\000e\000f\000e\000r\000e\000n\000c\000e}{chapter.6}% 55
\BOOKMARK [1][-]{section.6.31}{\376\377\000L\000S\000N\000S\000U\000R\000L\000S\000e\000s\000s\000i\000o\000n\000H\000o\000o\000k\000\040\000C\000l\000a\000s\000s\000\040\000R\000e\000f\000e\000r\000e\000n\000c\000e}{chapter.6}% 56
\BOOKMARK [1][-]{section.6.32}{\376\377\000L\000S\000R\000e\000g\000e\000x\000M\000a\000t\000c\000h\000e\000r\000\040\000C\000l\000a\000s\000s\000\040\000R\000e\000f\000e\000r\000e\000n\000c\000e}{chapter.6}% 57
\BOOKMARK [1][-]{section.6.33}{\376\377\000L\000S\000R\000e\000g\000e\000x\000M\000a\000t\000c\000h\000e\000r\000\050\000\051\000\040\000C\000a\000t\000e\000g\000o\000r\000y\000\040\000R\000e\000f\000e\000r\000e\000n\000c\000e}{chapter.6}% 58
\BOOKMARK [1][-]{section.6.34}{\376\377\000L\000S\000S\000t\000r\000i\000n\000g\000M\000a\000t\000c\000h\000e\000r\000\040\000C\000l\000a\000s\000s\000\040\000R\000e\000f\000e\000r\000e\000n\000c\000e}{chapter.6}% 59
\BOOKMARK [1][-]{section.6.35}{\376\377\000L\000S\000S\000t\000r\000i\000n\000g\000M\000a\000t\000c\000h\000e\000r\000\050\000\051\000\040\000C\000a\000t\000e\000g\000o\000r\000y\000\040\000R\000e\000f\000e\000r\000e\000n\000c\000e}{chapter.6}% 60
\BOOKMARK [1][-]{section.6.36}{\376\377\000L\000S\000S\000t\000u\000b\000R\000e\000q\000u\000e\000s\000t\000\040\000C\000l\000a\000s\000s\000\040\000R\000e\000f\000e\000r\000e\000n\000c\000e}{chapter.6}% 61
\BOOKMARK [1][-]{section.6.37}{\376\377\000L\000S\000S\000t\000u\000b\000R\000e\000q\000u\000e\000s\000t\000\050\000\051\000\040\000C\000a\000t\000e\000g\000o\000r\000y\000\040\000R\000e\000f\000e\000r\000e\000n\000c\000e}{chapter.6}% 62
\BOOKMARK [1][-]{section.6.38}{\376\377\000L\000S\000S\000t\000u\000b\000R\000e\000q\000u\000e\000s\000t\000D\000S\000L\000\040\000C\000l\000a\000s\000s\000\040\000R\000e\000f\000e\000r\000e\000n\000c\000e}{chapter.6}% 63
\BOOKMARK [1][-]{section.6.39}{\376\377\000L\000S\000S\000t\000u\000b\000R\000e\000q\000u\000e\000s\000t\000D\000S\000L\000\050\000\051\000\040\000C\000a\000t\000e\000g\000o\000r\000y\000\040\000R\000e\000f\000e\000r\000e\000n\000c\000e}{chapter.6}% 64
\BOOKMARK [1][-]{section.6.40}{\376\377\000L\000S\000S\000t\000u\000b\000R\000e\000s\000p\000o\000n\000s\000e\000\040\000C\000l\000a\000s\000s\000\040\000R\000e\000f\000e\000r\000e\000n\000c\000e}{chapter.6}% 65
\BOOKMARK [1][-]{section.6.41}{\376\377\000L\000S\000S\000t\000u\000b\000R\000e\000s\000p\000o\000n\000s\000e\000\050\000\051\000\040\000C\000a\000t\000e\000g\000o\000r\000y\000\040\000R\000e\000f\000e\000r\000e\000n\000c\000e}{chapter.6}% 66
\BOOKMARK [1][-]{section.6.42}{\376\377\000L\000S\000S\000t\000u\000b\000R\000e\000s\000p\000o\000n\000s\000e\000D\000S\000L\000\040\000C\000l\000a\000s\000s\000\040\000R\000e\000f\000e\000r\000e\000n\000c\000e}{chapter.6}% 67
\BOOKMARK [1][-]{section.6.43}{\376\377\000L\000S\000S\000t\000u\000b\000R\000e\000s\000p\000o\000n\000s\000e\000D\000S\000L\000\050\000\051\000\040\000C\000a\000t\000e\000g\000o\000r\000y\000\040\000R\000e\000f\000e\000r\000e\000n\000c\000e}{chapter.6}% 68
\BOOKMARK [1][-]{section.6.44}{\376\377\000N\000e\000w\000T\000r\000i\000p\000V\000i\000e\000w\000C\000o\000n\000t\000r\000o\000l\000l\000e\000r\000\040\000C\000l\000a\000s\000s\000\040\000R\000e\000f\000e\000r\000e\000n\000c\000e}{chapter.6}% 69
\BOOKMARK [1][-]{section.6.45}{\376\377\000N\000e\000w\000T\000r\000i\000p\000V\000i\000e\000w\000C\000o\000n\000t\000r\000o\000l\000l\000e\000r\000\050\000\051\000\040\000C\000a\000t\000e\000g\000o\000r\000y\000\040\000R\000e\000f\000e\000r\000e\000n\000c\000e}{chapter.6}% 70
\BOOKMARK [1][-]{section.6.46}{\376\377\000N\000S\000C\000o\000d\000i\000n\000g\000H\000e\000l\000p\000e\000r\000\040\000C\000l\000a\000s\000s\000\040\000R\000e\000f\000e\000r\000e\000n\000c\000e}{chapter.6}% 71
\BOOKMARK [2][-]{subsection.6.46.1}{\376\377\000M\000e\000t\000h\000o\000d\000\040\000D\000o\000c\000u\000m\000e\000n\000t\000a\000t\000i\000o\000n}{section.6.46}% 72
\BOOKMARK [3][-]{subsubsection.6.46.1.1}{\376\377\000d\000a\000t\000a\000F\000o\000r\000A\000r\000r\000a\000y\000:}{subsection.6.46.1}% 73
\BOOKMARK [3][-]{subsubsection.6.46.1.2}{\376\377\000m\000u\000t\000a\000b\000l\000e\000A\000r\000r\000a\000y\000F\000r\000o\000m\000D\000a\000t\000a\000:}{subsection.6.46.1}% 74
\BOOKMARK [1][-]{section.6.47}{\376\377\000N\000S\000D\000a\000t\000a\000\050\000M\000a\000t\000c\000h\000e\000a\000b\000l\000e\000\051\000\040\000C\000a\000t\000e\000g\000o\000r\000y\000\040\000R\000e\000f\000e\000r\000e\000n\000c\000e}{chapter.6}% 75
\BOOKMARK [1][-]{section.6.48}{\376\377\000N\000S\000D\000a\000t\000a\000\050\000N\000o\000c\000i\000l\000l\000a\000\051\000\040\000C\000a\000t\000e\000g\000o\000r\000y\000\040\000R\000e\000f\000e\000r\000e\000n\000c\000e}{chapter.6}% 76
\BOOKMARK [1][-]{section.6.49}{\376\377\000N\000S\000H\000T\000T\000P\000U\000R\000L\000R\000e\000s\000p\000o\000n\000s\000e\000\050\000U\000n\000d\000o\000c\000u\000m\000e\000n\000t\000e\000d\000I\000n\000i\000t\000i\000a\000l\000i\000z\000e\000r\000\051\000\040\000C\000a\000t\000e\000g\000o\000r\000y\000\040\000R\000e\000f\000e\000r\000e\000n\000c\000e}{chapter.6}% 77
\BOOKMARK [1][-]{section.6.50}{\376\377\000N\000S\000R\000e\000g\000u\000l\000a\000r\000E\000x\000p\000r\000e\000s\000s\000i\000o\000n\000\050\000M\000a\000t\000c\000h\000e\000a\000b\000l\000e\000\051\000\040\000C\000a\000t\000e\000g\000o\000r\000y\000\040\000R\000e\000f\000e\000r\000e\000n\000c\000e}{chapter.6}% 78
\BOOKMARK [1][-]{section.6.51}{\376\377\000N\000S\000S\000t\000r\000i\000n\000g\000\050\000M\000a\000t\000c\000h\000e\000a\000b\000l\000e\000\051\000\040\000C\000a\000t\000e\000g\000o\000r\000y\000\040\000R\000e\000f\000e\000r\000e\000n\000c\000e}{chapter.6}% 79
\BOOKMARK [1][-]{section.6.52}{\376\377\000N\000S\000S\000t\000r\000i\000n\000g\000\050\000N\000o\000c\000i\000l\000l\000a\000\051\000\040\000C\000a\000t\000e\000g\000o\000r\000y\000\040\000R\000e\000f\000e\000r\000e\000n\000c\000e}{chapter.6}% 80
\BOOKMARK [1][-]{section.6.53}{\376\377\000N\000S\000U\000R\000L\000R\000e\000q\000u\000e\000s\000t\000\050\000D\000S\000L\000\051\000\040\000C\000a\000t\000e\000g\000o\000r\000y\000\040\000R\000e\000f\000e\000r\000e\000n\000c\000e}{chapter.6}% 81
\BOOKMARK [1][-]{section.6.54}{\376\377\000N\000S\000U\000R\000L\000R\000e\000q\000u\000e\000s\000t\000\050\000L\000S\000H\000T\000T\000P\000R\000e\000q\000u\000e\000s\000t\000\051\000\040\000C\000a\000t\000e\000g\000o\000r\000y\000\040\000R\000e\000f\000e\000r\000e\000n\000c\000e}{chapter.6}% 82
\BOOKMARK [1][-]{section.6.55}{\376\377\000P\000a\000c\000k\000a\000b\000l\000e\000\040\000C\000l\000a\000s\000s\000\040\000R\000e\000f\000e\000r\000e\000n\000c\000e}{chapter.6}% 83
\BOOKMARK [2][-]{subsection.6.55.1}{\376\377\000D\000e\000t\000a\000i\000l\000e\000d\000\040\000D\000e\000s\000c\000r\000i\000p\000t\000i\000o\000n}{section.6.55}% 84
\BOOKMARK [2][-]{subsection.6.55.2}{\376\377\000M\000e\000t\000h\000o\000d\000\040\000D\000o\000c\000u\000m\000e\000n\000t\000a\000t\000i\000o\000n}{section.6.55}% 85
\BOOKMARK [3][-]{subsubsection.6.55.2.1}{\376\377\000i\000n\000i\000t\000W\000i\000t\000h\000Q\000u\000a\000n\000t\000i\000t\000y\000:}{subsection.6.55.2}% 86
\BOOKMARK [2][-]{subsection.6.55.3}{\376\377\000P\000r\000o\000p\000e\000r\000t\000y\000\040\000D\000o\000c\000u\000m\000e\000n\000t\000a\000t\000i\000o\000n}{section.6.55}% 87
\BOOKMARK [3][-]{subsubsection.6.55.3.1}{\376\377\000i\000m\000a\000g\000e\000N\000a\000m\000e}{subsection.6.55.3}% 88
\BOOKMARK [3][-]{subsubsection.6.55.3.2}{\376\377\000n\000a\000m\000e}{subsection.6.55.3}% 89
\BOOKMARK [3][-]{subsubsection.6.55.3.3}{\376\377\000q\000u\000a\000n\000t\000i\000t\000y}{subsection.6.55.3}% 90
\BOOKMARK [1][-]{section.6.56}{\376\377\000P\000a\000c\000k\000i\000n\000g\000L\000i\000s\000t\000\040\000C\000l\000a\000s\000s\000\040\000R\000e\000f\000e\000r\000e\000n\000c\000e}{chapter.6}% 91
\BOOKMARK [2][-]{subsection.6.56.1}{\376\377\000D\000e\000t\000a\000i\000l\000e\000d\000\040\000D\000e\000s\000c\000r\000i\000p\000t\000i\000o\000n}{section.6.56}% 92
\BOOKMARK [2][-]{subsection.6.56.2}{\376\377\000M\000e\000t\000h\000o\000d\000\040\000D\000o\000c\000u\000m\000e\000n\000t\000a\000t\000i\000o\000n}{section.6.56}% 93
\BOOKMARK [3][-]{subsubsection.6.56.2.1}{\376\377\000c\000h\000a\000n\000g\000e\000Q\000u\000a\000n\000t\000i\000t\000y\000F\000o\000r\000I\000n\000d\000e\000x\000:\000t\000o\000:}{subsection.6.56.2}% 94
\BOOKMARK [3][-]{subsubsection.6.56.2.2}{\376\377\000g\000e\000t\000N\000u\000m\000b\000e\000r\000O\000f\000U\000n\000i\000q\000u\000e\000I\000t\000e\000m\000s}{subsection.6.56.2}% 95
\BOOKMARK [3][-]{subsubsection.6.56.2.3}{\376\377\000g\000e\000t\000P\000a\000c\000k\000a\000b\000l\000e\000F\000o\000r\000I\000n\000d\000e\000x\000:}{subsection.6.56.2}% 96
\BOOKMARK [3][-]{subsubsection.6.56.2.4}{\376\377\000i\000n\000i\000t\000E\000x\000a\000m\000p\000l\000e\000P\000a\000c\000k\000i\000n\000g\000L\000i\000s\000t\000F\000o\000r\000T\000r\000i\000p\000:}{subsection.6.56.2}% 97
\BOOKMARK [3][-]{subsubsection.6.56.2.5}{\376\377\000i\000n\000i\000t\000P\000a\000c\000k\000i\000n\000g\000L\000i\000s\000t\000F\000o\000r\000T\000r\000i\000p\000:}{subsection.6.56.2}% 98
\BOOKMARK [3][-]{subsubsection.6.56.2.6}{\376\377\000p\000r\000i\000n\000t\000L\000i\000s\000t}{subsection.6.56.2}% 99
\BOOKMARK [3][-]{subsubsection.6.56.2.7}{\376\377\000q\000u\000a\000n\000t\000i\000t\000y\000F\000o\000r\000I\000t\000e\000m\000A\000t\000I\000n\000d\000e\000x\000:}{subsection.6.56.2}% 100
\BOOKMARK [3][-]{subsubsection.6.56.2.8}{\376\377\000r\000e\000m\000o\000v\000e\000I\000t\000e\000m\000F\000o\000r\000I\000n\000d\000e\000x\000:}{subsection.6.56.2}% 101
\BOOKMARK [2][-]{subsection.6.56.3}{\376\377\000P\000r\000o\000p\000e\000r\000t\000y\000\040\000D\000o\000c\000u\000m\000e\000n\000t\000a\000t\000i\000o\000n}{section.6.56}% 102
\BOOKMARK [3][-]{subsubsection.6.56.3.1}{\376\377\000t\000r\000i\000p}{subsection.6.56.3}% 103
\BOOKMARK [1][-]{section.6.57}{\376\377\000P\000a\000c\000k\000i\000n\000g\000L\000i\000s\000t\000\050\000\051\000\040\000C\000a\000t\000e\000g\000o\000r\000y\000\040\000R\000e\000f\000e\000r\000e\000n\000c\000e}{chapter.6}% 104
\BOOKMARK [1][-]{section.6.58}{\376\377\000P\000a\000c\000k\000i\000n\000g\000L\000i\000s\000t\000I\000t\000e\000m\000C\000e\000l\000l\000\040\000C\000l\000a\000s\000s\000\040\000R\000e\000f\000e\000r\000e\000n\000c\000e}{chapter.6}% 105
\BOOKMARK [1][-]{section.6.59}{\376\377\000P\000a\000c\000k\000i\000n\000g\000L\000i\000s\000t\000T\000e\000s\000t\000s\000\040\000C\000l\000a\000s\000s\000\040\000R\000e\000f\000e\000r\000e\000n\000c\000e}{chapter.6}% 106
\BOOKMARK [1][-]{section.6.60}{\376\377\000P\000a\000c\000k\000i\000n\000g\000L\000i\000s\000t\000V\000i\000e\000w\000C\000o\000n\000t\000r\000o\000l\000l\000e\000r\000\040\000C\000l\000a\000s\000s\000\040\000R\000e\000f\000e\000r\000e\000n\000c\000e}{chapter.6}% 107
\BOOKMARK [1][-]{section.6.61}{\376\377\000P\000a\000c\000k\000i\000n\000g\000L\000i\000s\000t\000V\000i\000e\000w\000C\000o\000n\000t\000r\000o\000l\000l\000e\000r\000\050\000\051\000\040\000C\000a\000t\000e\000g\000o\000r\000y\000\040\000R\000e\000f\000e\000r\000e\000n\000c\000e}{chapter.6}% 108
\BOOKMARK [1][-]{section.6.62}{\376\377\000P\000a\000c\000k\000M\000a\000n\000a\000g\000e\000r\000T\000e\000s\000t\000s\000\040\000C\000l\000a\000s\000s\000\040\000R\000e\000f\000e\000r\000e\000n\000c\000e}{chapter.6}% 109
\BOOKMARK [1][-]{section.6.63}{\376\377\000P\000a\000n\000t\000\040\000C\000l\000a\000s\000s\000\040\000R\000e\000f\000e\000r\000e\000n\000c\000e}{chapter.6}% 110
\BOOKMARK [2][-]{subsection.6.63.1}{\376\377\000M\000e\000m\000b\000e\000r\000\040\000T\000y\000p\000e\000d\000e\000f\000\040\000D\000o\000c\000u\000m\000e\000n\000t\000a\000t\000i\000o\000n}{section.6.63}% 111
\BOOKMARK [3][-]{subsubsection.6.63.1.1}{\376\377\000P\000a\000n\000t\000T\000y\000p\000e}{subsection.6.63.1}% 112
\BOOKMARK [2][-]{subsection.6.63.2}{\376\377\000M\000e\000m\000b\000e\000r\000\040\000E\000n\000u\000m\000e\000r\000a\000t\000i\000o\000n\000\040\000D\000o\000c\000u\000m\000e\000n\000t\000a\000t\000i\000o\000n}{section.6.63}% 113
\BOOKMARK [3][-]{subsubsection.6.63.2.1}{\376\377\000P\000a\000n\000t\000T\000y\000p\000e}{subsection.6.63.2}% 114
\BOOKMARK [2][-]{subsection.6.63.3}{\376\377\000M\000e\000t\000h\000o\000d\000\040\000D\000o\000c\000u\000m\000e\000n\000t\000a\000t\000i\000o\000n}{section.6.63}% 115
\BOOKMARK [3][-]{subsubsection.6.63.3.1}{\376\377\000i\000n\000i\000t\000W\000i\000t\000h\000Q\000u\000a\000n\000t\000i\000t\000y\000:\000a\000n\000d\000T\000y\000p\000e\000:}{subsection.6.63.3}% 116
\BOOKMARK [2][-]{subsection.6.63.4}{\376\377\000P\000r\000o\000p\000e\000r\000t\000y\000\040\000D\000o\000c\000u\000m\000e\000n\000t\000a\000t\000i\000o\000n}{section.6.63}% 117
\BOOKMARK [3][-]{subsubsection.6.63.4.1}{\376\377\000p\000a\000n\000t\000T\000y\000p\000e}{subsection.6.63.4}% 118
\BOOKMARK [1][-]{section.6.64}{\376\377\000P\000o\000d\000s\000D\000u\000m\000m\000y\000\137\000P\000o\000d\000s\000\040\000C\000l\000a\000s\000s\000\040\000R\000e\000f\000e\000r\000e\000n\000c\000e}{chapter.6}% 119
\BOOKMARK [1][-]{section.6.65}{\376\377\000P\000o\000d\000s\000D\000u\000m\000m\000y\000\137\000P\000o\000d\000s\000\137\000N\000o\000c\000i\000l\000l\000a\000\040\000C\000l\000a\000s\000s\000\040\000R\000e\000f\000e\000r\000e\000n\000c\000e}{chapter.6}% 120
\BOOKMARK [1][-]{section.6.66}{\376\377\000P\000r\000o\000f\000i\000l\000e\000V\000i\000e\000w\000C\000o\000n\000t\000r\000o\000l\000l\000e\000r\000\040\000C\000l\000a\000s\000s\000\040\000R\000e\000f\000e\000r\000e\000n\000c\000e}{chapter.6}% 121
\BOOKMARK [1][-]{section.6.67}{\376\377\000P\000r\000o\000f\000i\000l\000e\000V\000i\000e\000w\000C\000o\000n\000t\000r\000o\000l\000l\000e\000r\000\050\000\051\000\040\000C\000a\000t\000e\000g\000o\000r\000y\000\040\000R\000e\000f\000e\000r\000e\000n\000c\000e}{chapter.6}% 122
\BOOKMARK [1][-]{section.6.68}{\376\377\000S\000h\000i\000r\000t\000\040\000C\000l\000a\000s\000s\000\040\000R\000e\000f\000e\000r\000e\000n\000c\000e}{chapter.6}% 123
\BOOKMARK [2][-]{subsection.6.68.1}{\376\377\000M\000e\000m\000b\000e\000r\000\040\000T\000y\000p\000e\000d\000e\000f\000\040\000D\000o\000c\000u\000m\000e\000n\000t\000a\000t\000i\000o\000n}{section.6.68}% 124
\BOOKMARK [3][-]{subsubsection.6.68.1.1}{\376\377\000S\000h\000i\000r\000t\000T\000y\000p\000e}{subsection.6.68.1}% 125
\BOOKMARK [2][-]{subsection.6.68.2}{\376\377\000M\000e\000m\000b\000e\000r\000\040\000E\000n\000u\000m\000e\000r\000a\000t\000i\000o\000n\000\040\000D\000o\000c\000u\000m\000e\000n\000t\000a\000t\000i\000o\000n}{section.6.68}% 126
\BOOKMARK [3][-]{subsubsection.6.68.2.1}{\376\377\000S\000h\000i\000r\000t\000T\000y\000p\000e}{subsection.6.68.2}% 127
\BOOKMARK [2][-]{subsection.6.68.3}{\376\377\000M\000e\000t\000h\000o\000d\000\040\000D\000o\000c\000u\000m\000e\000n\000t\000a\000t\000i\000o\000n}{section.6.68}% 128
\BOOKMARK [3][-]{subsubsection.6.68.3.1}{\376\377\000i\000n\000i\000t\000W\000i\000t\000h\000Q\000u\000a\000n\000t\000i\000t\000y\000:\000a\000n\000d\000T\000y\000p\000e\000:}{subsection.6.68.3}% 129
\BOOKMARK [2][-]{subsection.6.68.4}{\376\377\000P\000r\000o\000p\000e\000r\000t\000y\000\040\000D\000o\000c\000u\000m\000e\000n\000t\000a\000t\000i\000o\000n}{section.6.68}% 130
\BOOKMARK [3][-]{subsubsection.6.68.4.1}{\376\377\000s\000h\000i\000r\000t\000T\000y\000p\000e}{subsection.6.68.4}% 131
\BOOKMARK [1][-]{section.6.69}{\376\377\000S\000h\000o\000e\000\040\000C\000l\000a\000s\000s\000\040\000R\000e\000f\000e\000r\000e\000n\000c\000e}{chapter.6}% 132
\BOOKMARK [1][-]{section.6.70}{\376\377\000S\000o\000c\000k\000s\000\040\000C\000l\000a\000s\000s\000\040\000R\000e\000f\000e\000r\000e\000n\000c\000e}{chapter.6}% 133
\BOOKMARK [1][-]{section.6.71}{\376\377\000S\000u\000n\000s\000c\000r\000e\000e\000n\000\040\000C\000l\000a\000s\000s\000\040\000R\000e\000f\000e\000r\000e\000n\000c\000e}{chapter.6}% 134
\BOOKMARK [1][-]{section.6.72}{\376\377\000T\000r\000i\000p\000\040\000C\000l\000a\000s\000s\000\040\000R\000e\000f\000e\000r\000e\000n\000c\000e}{chapter.6}% 135
\BOOKMARK [2][-]{subsection.6.72.1}{\376\377\000D\000e\000t\000a\000i\000l\000e\000d\000\040\000D\000e\000s\000c\000r\000i\000p\000t\000i\000o\000n}{section.6.72}% 136
\BOOKMARK [2][-]{subsection.6.72.2}{\376\377\000M\000e\000t\000h\000o\000d\000\040\000D\000o\000c\000u\000m\000e\000n\000t\000a\000t\000i\000o\000n}{section.6.72}% 137
\BOOKMARK [3][-]{subsubsection.6.72.2.1}{\376\377\000e\000n\000d\000D\000a\000t\000e}{subsection.6.72.2}% 138
\BOOKMARK [3][-]{subsubsection.6.72.2.2}{\376\377\000g\000e\000n\000e\000r\000a\000t\000e\000P\000a\000c\000k\000i\000n\000g\000L\000i\000s\000t}{subsection.6.72.2}% 139
\BOOKMARK [3][-]{subsubsection.6.72.2.3}{\376\377\000g\000e\000n\000e\000r\000a\000t\000e\000P\000a\000c\000k\000i\000n\000g\000L\000i\000s\000t\000E\000x\000a\000m\000p\000l\000e}{subsection.6.72.2}% 140
\BOOKMARK [3][-]{subsubsection.6.72.2.4}{\376\377\000i\000n\000i\000t\000N\000e\000w\000T\000r\000i\000p}{subsection.6.72.2}% 141
\BOOKMARK [3][-]{subsubsection.6.72.2.5}{\376\377\000i\000n\000i\000t\000W\000i\000t\000h\000S\000t\000a\000r\000t\000D\000a\000t\000e\000:\000n\000a\000m\000e\000:}{subsection.6.72.2}% 142
\BOOKMARK [3][-]{subsubsection.6.72.2.6}{\376\377\000t\000o\000t\000a\000l\000D\000u\000r\000a\000t\000i\000o\000n}{subsection.6.72.2}% 143
\BOOKMARK [2][-]{subsection.6.72.3}{\376\377\000P\000r\000o\000p\000e\000r\000t\000y\000\040\000D\000o\000c\000u\000m\000e\000n\000t\000a\000t\000i\000o\000n}{section.6.72}% 144
\BOOKMARK [3][-]{subsubsection.6.72.3.1}{\376\377\000a\000c\000c\000e\000s\000s\000T\000o\000L\000a\000u\000n\000d\000r\000y\000P\000r\000e\000f\000e\000r\000e\000n\000c\000e}{subsection.6.72.3}% 145
\BOOKMARK [3][-]{subsubsection.6.72.3.2}{\376\377\000d\000e\000s\000t\000i\000n\000a\000t\000i\000o\000n\000s}{subsection.6.72.3}% 146
\BOOKMARK [3][-]{subsubsection.6.72.3.3}{\376\377\000f\000o\000r\000m\000a\000l\000P\000r\000e\000f\000e\000r\000e\000n\000c\000e}{subsection.6.72.3}% 147
\BOOKMARK [3][-]{subsubsection.6.72.3.4}{\376\377\000n\000a\000m\000e}{subsection.6.72.3}% 148
\BOOKMARK [3][-]{subsubsection.6.72.3.5}{\376\377\000p\000a\000c\000k\000i\000n\000g\000L\000i\000s\000t}{subsection.6.72.3}% 149
\BOOKMARK [3][-]{subsubsection.6.72.3.6}{\376\377\000r\000e\000w\000e\000a\000r\000J\000e\000a\000n\000s\000P\000r\000e\000f\000e\000r\000e\000n\000c\000e}{subsection.6.72.3}% 150
\BOOKMARK [3][-]{subsubsection.6.72.3.7}{\376\377\000s\000t\000a\000r\000t\000D\000a\000t\000e}{subsection.6.72.3}% 151
\BOOKMARK [3][-]{subsubsection.6.72.3.8}{\376\377\000s\000w\000i\000m\000m\000i\000n\000g\000P\000r\000e\000f\000e\000r\000e\000n\000c\000e}{subsection.6.72.3}% 152
\BOOKMARK [3][-]{subsubsection.6.72.3.9}{\376\377\000w\000e\000a\000t\000h\000e\000r\000R\000e\000p\000o\000r\000t}{subsection.6.72.3}% 153
\BOOKMARK [1][-]{section.6.73}{\376\377\000T\000r\000i\000p\000s\000D\000a\000t\000a\000\040\000C\000l\000a\000s\000s\000\040\000R\000e\000f\000e\000r\000e\000n\000c\000e}{chapter.6}% 154
\BOOKMARK [2][-]{subsection.6.73.1}{\376\377\000D\000e\000t\000a\000i\000l\000e\000d\000\040\000D\000e\000s\000c\000r\000i\000p\000t\000i\000o\000n}{section.6.73}% 155
\BOOKMARK [2][-]{subsection.6.73.2}{\376\377\000M\000e\000t\000h\000o\000d\000\040\000D\000o\000c\000u\000m\000e\000n\000t\000a\000t\000i\000o\000n}{section.6.73}% 156
\BOOKMARK [3][-]{subsubsection.6.73.2.1}{\376\377\000a\000d\000d\000T\000r\000i\000p\000:}{subsection.6.73.2}% 157
\BOOKMARK [3][-]{subsubsection.6.73.2.2}{\376\377\000g\000e\000t\000T\000r\000i\000p\000:}{subsection.6.73.2}% 158
\BOOKMARK [3][-]{subsubsection.6.73.2.3}{\376\377\000n\000u\000m\000b\000e\000r\000O\000f\000T\000r\000i\000p\000s}{subsection.6.73.2}% 159
\BOOKMARK [3][-]{subsubsection.6.73.2.4}{\376\377\000r\000e\000m\000o\000v\000e\000T\000r\000i\000p\000A\000t\000I\000n\000d\000e\000x\000:}{subsection.6.73.2}% 160
\BOOKMARK [3][-]{subsubsection.6.73.2.5}{\376\377\000s\000h\000a\000r\000e\000d\000I\000n\000s\000t\000a\000n\000c\000e}{subsection.6.73.2}% 161
\BOOKMARK [1][-]{section.6.74}{\376\377\000T\000r\000i\000p\000s\000D\000a\000t\000a\000\050\000\051\000\040\000C\000a\000t\000e\000g\000o\000r\000y\000\040\000R\000e\000f\000e\000r\000e\000n\000c\000e}{chapter.6}% 162
\BOOKMARK [1][-]{section.6.75}{\376\377\000T\000r\000i\000p\000S\000e\000t\000t\000i\000n\000g\000s\000V\000i\000e\000w\000C\000o\000n\000t\000r\000o\000l\000l\000e\000r\000\040\000C\000l\000a\000s\000s\000\040\000R\000e\000f\000e\000r\000e\000n\000c\000e}{chapter.6}% 163
\BOOKMARK [1][-]{section.6.76}{\376\377\000T\000r\000i\000p\000S\000e\000t\000t\000i\000n\000g\000s\000V\000i\000e\000w\000C\000o\000n\000t\000r\000o\000l\000l\000e\000r\000\050\000\051\000\040\000C\000a\000t\000e\000g\000o\000r\000y\000\040\000R\000e\000f\000e\000r\000e\000n\000c\000e}{chapter.6}% 164
\BOOKMARK [1][-]{section.6.77}{\376\377\000T\000r\000i\000p\000s\000V\000i\000e\000w\000C\000o\000n\000t\000r\000o\000l\000l\000e\000r\000\040\000C\000l\000a\000s\000s\000\040\000R\000e\000f\000e\000r\000e\000n\000c\000e}{chapter.6}% 165
\BOOKMARK [1][-]{section.6.78}{\376\377\000T\000r\000i\000p\000s\000V\000i\000e\000w\000C\000o\000n\000t\000r\000o\000l\000l\000e\000r\000\050\000\051\000\040\000C\000a\000t\000e\000g\000o\000r\000y\000\040\000R\000e\000f\000e\000r\000e\000n\000c\000e}{chapter.6}% 166
\BOOKMARK [1][-]{section.6.79}{\376\377\000U\000m\000b\000r\000e\000l\000l\000a\000\040\000C\000l\000a\000s\000s\000\040\000R\000e\000f\000e\000r\000e\000n\000c\000e}{chapter.6}% 167
\BOOKMARK [1][-]{section.6.80}{\376\377\000U\000n\000d\000e\000r\000w\000e\000a\000r\000\040\000C\000l\000a\000s\000s\000\040\000R\000e\000f\000e\000r\000e\000n\000c\000e}{chapter.6}% 168
\BOOKMARK [1][-]{section.6.81}{\376\377\000W\000e\000a\000t\000h\000e\000r\000A\000P\000I\000\040\000C\000l\000a\000s\000s\000\040\000R\000e\000f\000e\000r\000e\000n\000c\000e}{chapter.6}% 169
\BOOKMARK [2][-]{subsection.6.81.1}{\376\377\000M\000e\000t\000h\000o\000d\000\040\000D\000o\000c\000u\000m\000e\000n\000t\000a\000t\000i\000o\000n}{section.6.81}% 170
\BOOKMARK [3][-]{subsubsection.6.81.1.1}{\376\377\000g\000e\000t\000L\000a\000t\000L\000o\000n\000g\000F\000r\000o\000m\000A\000d\000d\000r\000e\000s\000s\000:\000l\000a\000t\000:\000l\000o\000n\000:}{subsection.6.81.1}% 171
\BOOKMARK [3][-]{subsubsection.6.81.1.2}{\376\377\000g\000e\000t\000W\000e\000a\000t\000h\000e\000r\000F\000r\000o\000m\000H\000i\000s\000t\000o\000r\000i\000c\000a\000l\000:\000s\000t\000a\000r\000t\000:\000e\000n\000d\000:}{subsection.6.81.1}% 172
\BOOKMARK [3][-]{subsubsection.6.81.1.3}{\376\377\000g\000e\000t\000W\000e\000a\000t\000h\000e\000r\000F\000r\000o\000m\000P\000r\000e\000s\000e\000n\000t\000:\000l\000n\000g\000:\000s\000t\000a\000r\000t\000:\000e\000n\000d\000:}{subsection.6.81.1}% 173
\BOOKMARK [3][-]{subsubsection.6.81.1.4}{\376\377\000g\000e\000t\000W\000e\000a\000t\000h\000e\000r\000R\000e\000p\000o\000r\000t\000:\000s\000t\000a\000r\000t\000:\000e\000n\000d\000:}{subsection.6.81.1}% 174
\BOOKMARK [3][-]{subsubsection.6.81.1.5}{\376\377\000g\000e\000t\000W\000e\000a\000t\000h\000e\000r\000R\000e\000p\000o\000r\000t\000:\000s\000t\000a\000r\000t\000:\000e\000n\000d\000:\000l\000a\000t\000:\000l\000o\000n\000:}{subsection.6.81.1}% 175
\BOOKMARK [3][-]{subsubsection.6.81.1.6}{\376\377\000s\000h\000a\000r\000e\000d\000I\000n\000s\000t\000a\000n\000c\000e}{subsection.6.81.1}% 176
\BOOKMARK [1][-]{section.6.82}{\376\377\000W\000e\000a\000t\000h\000e\000r\000A\000P\000I\000T\000e\000s\000t\000s\000\040\000C\000l\000a\000s\000s\000\040\000R\000e\000f\000e\000r\000e\000n\000c\000e}{chapter.6}% 177
\BOOKMARK [1][-]{section.6.83}{\376\377\000W\000e\000a\000t\000h\000e\000r\000D\000a\000y\000\040\000C\000l\000a\000s\000s\000\040\000R\000e\000f\000e\000r\000e\000n\000c\000e}{chapter.6}% 178
\BOOKMARK [2][-]{subsection.6.83.1}{\376\377\000D\000e\000t\000a\000i\000l\000e\000d\000\040\000D\000e\000s\000c\000r\000i\000p\000t\000i\000o\000n}{section.6.83}% 179
\BOOKMARK [2][-]{subsection.6.83.2}{\376\377\000M\000e\000t\000h\000o\000d\000\040\000D\000o\000c\000u\000m\000e\000n\000t\000a\000t\000i\000o\000n}{section.6.83}% 180
\BOOKMARK [3][-]{subsubsection.6.83.2.1}{\376\377\000i\000n\000i\000t\000W\000i\000t\000h\000H\000i\000g\000h\000:\000l\000o\000w\000:\000p\000r\000e\000c\000i\000p\000i\000t\000a\000t\000i\000o\000n\000:\000d\000a\000t\000e\000:}{subsection.6.83.2}% 181
\BOOKMARK [2][-]{subsection.6.83.3}{\376\377\000P\000r\000o\000p\000e\000r\000t\000y\000\040\000D\000o\000c\000u\000m\000e\000n\000t\000a\000t\000i\000o\000n}{section.6.83}% 182
\BOOKMARK [3][-]{subsubsection.6.83.3.1}{\376\377\000a\000v\000e\000r\000a\000g\000e\000T\000e\000m\000p}{subsection.6.83.3}% 183
\BOOKMARK [3][-]{subsubsection.6.83.3.2}{\376\377\000h\000i\000g\000h}{subsection.6.83.3}% 184
\BOOKMARK [3][-]{subsubsection.6.83.3.3}{\376\377\000l\000o\000w}{subsection.6.83.3}% 185
\BOOKMARK [3][-]{subsubsection.6.83.3.4}{\376\377\000p\000r\000e\000c\000i\000p\000i\000t\000a\000i\000o\000n}{subsection.6.83.3}% 186
\BOOKMARK [3][-]{subsubsection.6.83.3.5}{\376\377\000r\000a\000n\000g\000e}{subsection.6.83.3}% 187
\BOOKMARK [1][-]{section.6.84}{\376\377\000W\000e\000a\000t\000h\000e\000r\000D\000a\000y\000T\000e\000s\000t\000s\000\040\000C\000l\000a\000s\000s\000\040\000R\000e\000f\000e\000r\000e\000n\000c\000e}{chapter.6}% 188
\BOOKMARK [1][-]{section.6.85}{\376\377\000W\000e\000a\000t\000h\000e\000r\000R\000e\000p\000o\000r\000t\000\040\000C\000l\000a\000s\000s\000\040\000R\000e\000f\000e\000r\000e\000n\000c\000e}{chapter.6}% 189
\BOOKMARK [2][-]{subsection.6.85.1}{\376\377\000D\000e\000t\000a\000i\000l\000e\000d\000\040\000D\000e\000s\000c\000r\000i\000p\000t\000i\000o\000n}{section.6.85}% 190
\BOOKMARK [2][-]{subsection.6.85.2}{\376\377\000M\000e\000t\000h\000o\000d\000\040\000D\000o\000c\000u\000m\000e\000n\000t\000a\000t\000i\000o\000n}{section.6.85}% 191
\BOOKMARK [3][-]{subsubsection.6.85.2.1}{\376\377\000a\000d\000d\000D\000a\000y\000:}{subsection.6.85.2}% 192
\BOOKMARK [3][-]{subsubsection.6.85.2.2}{\376\377\000d\000a\000y\000s\000A\000r\000e\000I\000n\000O\000r\000d\000e\000r}{subsection.6.85.2}% 193
\BOOKMARK [3][-]{subsubsection.6.85.2.3}{\376\377\000g\000e\000t\000A\000v\000e\000r\000a\000g\000e\000F\000o\000r\000D\000a\000y\000:}{subsection.6.85.2}% 194
\BOOKMARK [3][-]{subsubsection.6.85.2.4}{\376\377\000g\000e\000t\000H\000i\000g\000h\000F\000o\000r\000D\000a\000y\000:}{subsection.6.85.2}% 195
\BOOKMARK [3][-]{subsubsection.6.85.2.5}{\376\377\000g\000e\000t\000L\000o\000w\000F\000o\000r\000D\000a\000y\000:}{subsection.6.85.2}% 196
\BOOKMARK [3][-]{subsubsection.6.85.2.6}{\376\377\000g\000e\000t\000O\000v\000e\000r\000a\000l\000l\000H\000i\000g\000h}{subsection.6.85.2}% 197
\BOOKMARK [3][-]{subsubsection.6.85.2.7}{\376\377\000g\000e\000t\000O\000v\000e\000r\000a\000l\000l\000L\000o\000w}{subsection.6.85.2}% 198
\BOOKMARK [3][-]{subsubsection.6.85.2.8}{\376\377\000g\000e\000t\000R\000a\000n\000g\000e\000F\000o\000r\000D\000a\000y\000:}{subsection.6.85.2}% 199
\BOOKMARK [3][-]{subsubsection.6.85.2.9}{\376\377\000i\000n\000i\000t\000E\000x\000a\000m\000p\000l\000e\000R\000e\000p\000o\000r\000t}{subsection.6.85.2}% 200
\BOOKMARK [3][-]{subsubsection.6.85.2.10}{\376\377\000n\000u\000m\000b\000e\000r\000O\000f\000D\000a\000y\000s}{subsection.6.85.2}% 201
\BOOKMARK [3][-]{subsubsection.6.85.2.11}{\376\377\000p\000u\000t\000D\000a\000y\000s\000I\000n\000O\000r\000d\000e\000r}{subsection.6.85.2}% 202
\BOOKMARK [1][-]{section.6.86}{\376\377\000W\000e\000a\000t\000h\000e\000r\000R\000e\000p\000o\000r\000t\000\050\000\051\000\040\000C\000a\000t\000e\000g\000o\000r\000y\000\040\000R\000e\000f\000e\000r\000e\000n\000c\000e}{chapter.6}% 203
\BOOKMARK [1][-]{section.6.87}{\376\377\000W\000e\000a\000t\000h\000e\000r\000R\000e\000p\000o\000r\000t\000T\000e\000s\000t\000s\000\040\000C\000l\000a\000s\000s\000\040\000R\000e\000f\000e\000r\000e\000n\000c\000e}{chapter.6}% 204
\BOOKMARK [1][-]{section.6.88}{\376\377\000W\000e\000a\000t\000h\000e\000r\000R\000e\000p\000o\000r\000t\000V\000i\000e\000w\000C\000o\000n\000t\000r\000o\000l\000l\000e\000r\000\040\000C\000l\000a\000s\000s\000\040\000R\000e\000f\000e\000r\000e\000n\000c\000e}{chapter.6}% 205
\BOOKMARK [1][-]{section.6.89}{\376\377\000W\000e\000a\000t\000h\000e\000r\000R\000e\000p\000o\000r\000t\000V\000i\000e\000w\000C\000o\000n\000t\000r\000o\000l\000l\000e\000r\000\050\000\051\000\040\000C\000a\000t\000e\000g\000o\000r\000y\000\040\000R\000e\000f\000e\000r\000e\000n\000c\000e}{chapter.6}% 206
\BOOKMARK [0][-]{section*.133}{\376\377\000I\000n\000d\000e\000x}{}% 207
